<?xml version="1.0" encoding="UTF-8"?>
<!-- Generated by org.testng.reporters.JUnitReportReporter -->
<testsuite hostname="IND04-L-6YTV5P2" failures="0" tests="1" name="com.mmt.qa.testCases.HomePageTest" time="18.738" errors="0" timestamp="2021-05-25T18:28:47 IST" skipped="0">
  <testcase classname="com.mmt.qa.testCases.HomePageTest" name="validate_header_elements_test" time="18.738"/>
</testsuite> <!-- com.mmt.qa.testCases.HomePageTest -->
