<?xml version="1.0" encoding="UTF-8"?>
<!-- Generated by org.testng.reporters.JUnitReportReporter -->
<testsuite hostname="DESKTOP-8RL1USP" failures="0" tests="1" name="com.mmt.qa.testCases.SignInTest" time="7.786" errors="0" timestamp="2021-05-16T12:09:53 EDT" skipped="0">
  <testcase classname="com.mmt.qa.testCases.SignInTest" name="validate_signIn_test" time="7.786"/>
  <system-out/>
</testsuite> <!-- com.mmt.qa.testCases.SignInTest -->
